2021-03-13 17:53:25.003 [main] ERROR Calculator - Invalid input, entered input is not a number!!!
2021-03-13 18:14:07.447 [main] INFO  Calculator - Calculating natural log  of given number:10.0
2021-03-13 18:14:07.452 [main] INFO  Calculator - Resultant answer of natural log operation is : 2.302585092994046
2021-03-13 18:14:07.453 [main] INFO  Calculator - Calculating natural log  of given number:-9.0
2021-03-13 18:14:07.453 [main] ERROR Calculator - Number cannot be negative:In-case of NaN logarithm of number < 0 !!!
2021-03-13 18:14:07.454 [main] INFO  Calculator - Resultant answer of natural log operation is : NaN
2021-03-13 18:14:07.462 [main] INFO  Calculator - Calculating power function of given numbers:3.0,4.0
2021-03-13 18:14:07.462 [main] INFO  Calculator - Resultant answer of power operation is : 81.0
2021-03-13 18:14:07.463 [main] INFO  Calculator - Calculating power function of given numbers:-2.0,-2.0
2021-03-13 18:14:07.463 [main] INFO  Calculator - Resultant answer of power operation is : 0.25
2021-03-13 18:14:07.464 [main] INFO  Calculator - Calculating power function of given numbers:-3.0,4.0
2021-03-13 18:14:07.464 [main] INFO  Calculator - Resultant answer of power operation is : 81.0
2021-03-13 18:14:07.465 [main] INFO  Calculator - Calculating power function of given numbers:2.0,-2.0
2021-03-13 18:14:07.465 [main] INFO  Calculator - Resultant answer of power operation is : 0.25
2021-03-13 18:14:07.466 [main] INFO  Calculator - Calculating natural log  of given number:-9.0
2021-03-13 18:14:07.466 [main] ERROR Calculator - Number cannot be negative:In-case of NaN logarithm of number < 0 !!!
2021-03-13 18:14:07.467 [main] INFO  Calculator - Resultant answer of natural log operation is : NaN
2021-03-13 18:14:07.470 [main] INFO  Calculator - Calculating factorial  of given number:5
2021-03-13 18:14:07.470 [main] INFO  Calculator - Resultant answer of power operations is : 120.0
2021-03-13 18:14:07.471 [main] INFO  Calculator - Calculating factorial  of given number:0
2021-03-13 18:14:07.471 [main] INFO  Calculator - Resultant answer of power operations is : 1.0
2021-03-13 18:14:07.472 [main] INFO  Calculator - Calculating factorial  of given number:-23
2021-03-13 18:14:07.472 [main] ERROR Calculator - Number cannot be negative:In-case of NaN factorial of number < 0 !!!
2021-03-13 18:14:07.473 [main] INFO  Calculator - Resultant answer of power operations is : NaN
2021-03-13 18:14:07.475 [main] INFO  Calculator - Calculating square root  of given number:100.0
2021-03-13 18:14:07.475 [main] INFO  Calculator - Resultant answer of power operations is : 10.0
2021-03-13 18:14:07.476 [main] INFO  Calculator - Calculating square root  of given number:100.0
2021-03-13 18:14:07.476 [main] INFO  Calculator - Resultant answer of power operations is : 10.0
2021-03-13 18:14:07.477 [main] INFO  Calculator - Calculating square root  of given number:-4.0
2021-03-13 18:14:07.477 [main] ERROR Calculator - Number cannot be negative:In-case of NaN squareRoot of number < 0 !!!
2021-03-13 18:14:07.478 [main] INFO  Calculator - Resultant answer of power operations is : NaN
2021-03-13 18:14:23.879 [main] INFO  Calculator - Calculating natural log  of given number:10.0
2021-03-13 18:14:23.884 [main] INFO  Calculator - Resultant answer of natural log operation is : 2.302585092994046
2021-03-13 18:14:23.885 [main] INFO  Calculator - Calculating natural log  of given number:-9.0
2021-03-13 18:14:23.885 [main] ERROR Calculator - Number cannot be negative:In-case of NaN logarithm of number < 0 !!!
2021-03-13 18:14:23.886 [main] INFO  Calculator - Resultant answer of natural log operation is : NaN
2021-03-13 18:14:23.896 [main] INFO  Calculator - Calculating power function of given numbers:3.0,4.0
2021-03-13 18:14:23.896 [main] INFO  Calculator - Resultant answer of power operation is : 81.0
2021-03-13 18:14:23.897 [main] INFO  Calculator - Calculating power function of given numbers:-2.0,-2.0
2021-03-13 18:14:23.898 [main] INFO  Calculator - Resultant answer of power operation is : 0.25
2021-03-13 18:14:23.898 [main] INFO  Calculator - Calculating power function of given numbers:-3.0,4.0
2021-03-13 18:14:23.899 [main] INFO  Calculator - Resultant answer of power operation is : 81.0
2021-03-13 18:14:23.899 [main] INFO  Calculator - Calculating power function of given numbers:2.0,-2.0
2021-03-13 18:14:23.900 [main] INFO  Calculator - Resultant answer of power operation is : 0.25
2021-03-13 18:14:23.901 [main] INFO  Calculator - Calculating natural log  of given number:-9.0
2021-03-13 18:14:23.901 [main] ERROR Calculator - Number cannot be negative:In-case of NaN logarithm of number < 0 !!!
2021-03-13 18:14:23.902 [main] INFO  Calculator - Resultant answer of natural log operation is : NaN
2021-03-13 18:14:23.905 [main] INFO  Calculator - Calculating factorial  of given number:5
2021-03-13 18:14:23.905 [main] INFO  Calculator - Resultant answer of power operations is : 120.0
2021-03-13 18:14:23.906 [main] INFO  Calculator - Calculating factorial  of given number:0
2021-03-13 18:14:23.906 [main] INFO  Calculator - Resultant answer of power operations is : 1.0
2021-03-13 18:14:23.907 [main] INFO  Calculator - Calculating factorial  of given number:-23
2021-03-13 18:14:23.907 [main] ERROR Calculator - Number cannot be negative:In-case of NaN factorial of number < 0 !!!
2021-03-13 18:14:23.908 [main] INFO  Calculator - Resultant answer of power operations is : NaN
2021-03-13 18:14:23.910 [main] INFO  Calculator - Calculating square root  of given number:100.0
2021-03-13 18:14:23.911 [main] INFO  Calculator - Resultant answer of power operations is : 10.0
2021-03-13 18:14:23.912 [main] INFO  Calculator - Calculating square root  of given number:100.0
2021-03-13 18:14:23.912 [main] INFO  Calculator - Resultant answer of power operations is : 10.0
2021-03-13 18:14:23.913 [main] INFO  Calculator - Calculating square root  of given number:-4.0
2021-03-13 18:14:23.913 [main] ERROR Calculator - Number cannot be negative:In-case of NaN squareRoot of number < 0 !!!
2021-03-13 18:14:23.914 [main] INFO  Calculator - Resultant answer of power operations is : NaN
2021-03-13 18:15:52.623 [main] INFO  Calculator - Calculating square root  of given number:213.0
2021-03-13 18:15:52.628 [main] INFO  Calculator - Resultant answer of power operations is : 14.594519519326424
2021-03-13 18:15:58.138 [main] INFO  Calculator - Calculating factorial  of given number:21
2021-03-13 18:15:58.139 [main] INFO  Calculator - Resultant answer of power operations is : 5.109094217170944E19
2021-03-13 18:16:05.297 [main] INFO  Calculator - Calculating power function of given numbers:2.0,4.0
2021-03-13 18:16:05.298 [main] INFO  Calculator - Resultant answer of power operation is : 16.0
2021-03-13 18:16:09.767 [main] INFO  Calculator - Calculating natural log  of given number:12321.0
2021-03-13 18:16:09.768 [main] INFO  Calculator - Resultant answer of natural log operation is : 9.419060402624668
2021-03-13 18:16:13.021 [main] INFO  Calculator - Calculating square root  of given number:32131.0
2021-03-13 18:16:13.022 [main] INFO  Calculator - Resultant answer of power operations is : 179.25122035846786
2021-03-13 18:16:17.950 [main] INFO  Calculator - Calculating factorial  of given number:5
2021-03-13 18:16:17.951 [main] INFO  Calculator - Resultant answer of power operations is : 120.0
2021-03-13 18:16:22.040 [main] INFO  Calculator - Calculating natural log  of given number:213123.0
2021-03-13 18:16:22.041 [main] INFO  Calculator - Resultant answer of natural log operation is : 12.269624742811663
2021-03-13 18:16:25.530 [main] INFO  Calculator - Calculating power function of given numbers:12.0,2.0
2021-03-13 18:16:25.531 [main] INFO  Calculator - Resultant answer of power operation is : 144.0
2021-03-13 18:18:44.214 [main] INFO  Calculator - Calculating natural log  of given number:10.0
2021-03-13 18:18:44.218 [main] INFO  Calculator - Resultant answer of natural log operation is : 2.302585092994046
2021-03-13 18:18:44.219 [main] INFO  Calculator - Calculating natural log  of given number:-9.0
2021-03-13 18:18:44.219 [main] ERROR Calculator - Number cannot be negative:In-case of NaN logarithm of number < 0 !!!
2021-03-13 18:18:44.220 [main] INFO  Calculator - Resultant answer of natural log operation is : NaN
2021-03-13 18:18:44.227 [main] INFO  Calculator - Calculating power function of given numbers:3.0,4.0
2021-03-13 18:18:44.228 [main] INFO  Calculator - Resultant answer of power operation is : 81.0
2021-03-13 18:18:44.229 [main] INFO  Calculator - Calculating power function of given numbers:-2.0,-2.0
2021-03-13 18:18:44.229 [main] INFO  Calculator - Resultant answer of power operation is : 0.25
2021-03-13 18:18:44.230 [main] INFO  Calculator - Calculating power function of given numbers:-3.0,4.0
2021-03-13 18:18:44.230 [main] INFO  Calculator - Resultant answer of power operation is : 81.0
2021-03-13 18:18:44.231 [main] INFO  Calculator - Calculating power function of given numbers:2.0,-2.0
2021-03-13 18:18:44.231 [main] INFO  Calculator - Resultant answer of power operation is : 0.25
2021-03-13 18:18:44.232 [main] INFO  Calculator - Calculating natural log  of given number:-9.0
2021-03-13 18:18:44.233 [main] ERROR Calculator - Number cannot be negative:In-case of NaN logarithm of number < 0 !!!
2021-03-13 18:18:44.233 [main] INFO  Calculator - Resultant answer of natural log operation is : NaN
2021-03-13 18:18:44.236 [main] INFO  Calculator - Calculating factorial  of given number:5
2021-03-13 18:18:44.236 [main] INFO  Calculator - Resultant answer of power operations is : 120.0
2021-03-13 18:18:44.237 [main] INFO  Calculator - Calculating factorial  of given number:0
2021-03-13 18:18:44.238 [main] INFO  Calculator - Resultant answer of power operations is : 1.0
2021-03-13 18:18:44.239 [main] INFO  Calculator - Calculating factorial  of given number:-23
2021-03-13 18:18:44.239 [main] ERROR Calculator - Number cannot be negative:In-case of NaN factorial of number < 0 !!!
2021-03-13 18:18:44.240 [main] INFO  Calculator - Resultant answer of power operations is : NaN
2021-03-13 18:18:44.243 [main] INFO  Calculator - Calculating square root  of given number:100.0
2021-03-13 18:18:44.243 [main] INFO  Calculator - Resultant answer of power operations is : 10.0
2021-03-13 18:18:44.244 [main] INFO  Calculator - Calculating square root  of given number:100.0
2021-03-13 18:18:44.244 [main] INFO  Calculator - Resultant answer of power operations is : 10.0
2021-03-13 18:18:44.245 [main] INFO  Calculator - Calculating square root  of given number:-4.0
2021-03-13 18:18:44.246 [main] ERROR Calculator - Number cannot be negative:In-case of NaN squareRoot of number < 0 !!!
2021-03-13 18:18:44.247 [main] INFO  Calculator - Resultant answer of power operations is : NaN
2021-03-13 18:40:32.239 [main] INFO  Calculator - Calculating natural log  of given number:10.0
2021-03-13 18:40:32.244 [main] INFO  Calculator - Resultant answer of natural log operation is : 2.302585092994046
2021-03-13 18:40:32.244 [main] INFO  Calculator - Calculating natural log  of given number:-9.0
2021-03-13 18:40:32.245 [main] INFO  Calculator - Resultant answer of natural log operation is : NaN
2021-03-13 18:40:32.251 [main] INFO  Calculator - Calculating power function of given numbers:3.0,4.0
2021-03-13 18:40:32.252 [main] INFO  Calculator - Calculating power function of given numbers:-2.0,-2.0
2021-03-13 18:40:32.253 [main] INFO  Calculator - Calculating power function of given numbers:-3.0,4.0
2021-03-13 18:40:32.254 [main] INFO  Calculator - Calculating power function of given numbers:2.0,-2.0
2021-03-13 18:40:32.254 [main] INFO  Calculator - Calculating natural log  of given number:-9.0
2021-03-13 18:40:32.255 [main] INFO  Calculator - Resultant answer of natural log operation is : NaN
2021-03-13 18:40:32.257 [main] INFO  Calculator - Calculating factorial  of given number:5
2021-03-13 18:40:32.258 [main] INFO  Calculator - Calculating factorial  of given number:0
2021-03-13 18:40:32.259 [main] INFO  Calculator - Calculating factorial  of given number:-23
2021-03-13 18:40:32.261 [main] INFO  Calculator - Calculating square root  of given number:100.0
2021-03-13 18:40:32.261 [main] INFO  Calculator - Resultant answer of power operations is : 10.0
2021-03-13 18:40:32.262 [main] INFO  Calculator - Calculating square root  of given number:100.0
2021-03-13 18:40:32.263 [main] INFO  Calculator - Resultant answer of power operations is : 10.0
2021-03-13 18:40:32.264 [main] INFO  Calculator - Calculating square root  of given number:-4.0
2021-03-13 18:40:32.265 [main] INFO  Calculator - Resultant answer of power operations is : NaN
2021-03-13 18:52:10.591 [main] INFO  Calculator - Calculating natural log  of given number:10.0
2021-03-13 18:52:10.595 [main] INFO  Calculator - Resultant answer of natural log operation is : 2.302585092994046
2021-03-13 18:52:10.596 [main] INFO  Calculator - Calculating natural log  of given number:-9.0
2021-03-13 18:52:10.596 [main] INFO  Calculator - Resultant answer of natural log operation is : -1.0
2021-03-13 18:52:10.596 [main] INFO  Calculator - Calculating natural log  of given number:0.0
2021-03-13 18:52:10.597 [main] INFO  Calculator - Resultant answer of natural log operation is : -Infinity
2021-03-13 18:52:10.605 [main] INFO  Calculator - Calculating power function of given numbers:3.0,4.0
2021-03-13 18:52:10.606 [main] INFO  Calculator - Resultant answer of power operation is : 81.0
2021-03-13 18:52:10.606 [main] INFO  Calculator - Calculating power function of given numbers:-2.0,-2.0
2021-03-13 18:52:10.606 [main] INFO  Calculator - Resultant answer of power operation is : 0.25
2021-03-13 18:52:10.607 [main] INFO  Calculator - Calculating power function of given numbers:-3.0,4.0
2021-03-13 18:52:10.608 [main] INFO  Calculator - Resultant answer of power operation is : 81.0
2021-03-13 18:52:10.608 [main] INFO  Calculator - Calculating power function of given numbers:2.0,-2.0
2021-03-13 18:52:10.609 [main] INFO  Calculator - Resultant answer of power operation is : 0.25
2021-03-13 18:52:10.609 [main] INFO  Calculator - Calculating natural log  of given number:-9.0
2021-03-13 18:52:10.609 [main] INFO  Calculator - Resultant answer of natural log operation is : -1.0
2021-03-13 18:52:10.611 [main] INFO  Calculator - Calculating factorial  of given number:5
2021-03-13 18:52:10.612 [main] INFO  Calculator - Resultant answer of power operations is : 120.0
2021-03-13 18:52:10.612 [main] INFO  Calculator - Calculating factorial  of given number:0
2021-03-13 18:52:10.613 [main] INFO  Calculator - Calculating factorial  of given number:-23
2021-03-13 18:52:10.613 [main] INFO  Calculator - Resultant answer of power operations is : -1.0
2021-03-13 18:52:10.613 [main] INFO  Calculator - Calculating factorial  of given number:1
2021-03-13 18:52:10.614 [main] INFO  Calculator - Calculating factorial  of given number:11
2021-03-13 18:52:10.614 [main] INFO  Calculator - Resultant answer of power operations is : 3.99168E7
2021-03-13 18:52:10.615 [main] INFO  Calculator - Calculating square root  of given number:100.0
2021-03-13 18:52:10.616 [main] INFO  Calculator - Resultant answer of power operations is : 10.0
2021-03-13 18:52:10.616 [main] INFO  Calculator - Calculating square root  of given number:100.0
2021-03-13 18:52:10.617 [main] INFO  Calculator - Resultant answer of power operations is : 10.0
2021-03-13 18:52:10.617 [main] INFO  Calculator - Calculating square root  of given number:-4.0
2021-03-13 18:52:10.618 [main] INFO  Calculator - Resultant answer of power operations is : -1.0
2021-03-13 18:52:44.279 [main] INFO  Calculator - Calculating natural log  of given number:10.0
2021-03-13 18:52:44.285 [main] INFO  Calculator - Resultant answer of natural log operation is : 2.302585092994046
2021-03-13 18:52:44.286 [main] INFO  Calculator - Calculating natural log  of given number:-9.0
2021-03-13 18:52:44.286 [main] INFO  Calculator - Resultant answer of natural log operation is : -1.0
2021-03-13 18:52:44.287 [main] INFO  Calculator - Calculating natural log  of given number:0.0
2021-03-13 18:52:44.287 [main] INFO  Calculator - Resultant answer of natural log operation is : -1.0
2021-03-13 18:52:44.289 [main] INFO  Calculator - Calculating power function of given numbers:3.0,4.0
2021-03-13 18:52:44.289 [main] INFO  Calculator - Resultant answer of power operation is : 81.0
2021-03-13 18:52:44.290 [main] INFO  Calculator - Calculating power function of given numbers:-2.0,-2.0
2021-03-13 18:52:44.290 [main] INFO  Calculator - Resultant answer of power operation is : 0.25
2021-03-13 18:52:44.291 [main] INFO  Calculator - Calculating power function of given numbers:-3.0,4.0
2021-03-13 18:52:44.291 [main] INFO  Calculator - Resultant answer of power operation is : 81.0
2021-03-13 18:52:44.292 [main] INFO  Calculator - Calculating power function of given numbers:2.0,-2.0
2021-03-13 18:52:44.292 [main] INFO  Calculator - Resultant answer of power operation is : 0.25
2021-03-13 18:52:44.292 [main] INFO  Calculator - Calculating natural log  of given number:-9.0
2021-03-13 18:52:44.293 [main] INFO  Calculator - Resultant answer of natural log operation is : -1.0
2021-03-13 18:52:44.294 [main] INFO  Calculator - Calculating factorial  of given number:5
2021-03-13 18:52:44.294 [main] INFO  Calculator - Resultant answer of power operations is : 120.0
2021-03-13 18:52:44.295 [main] INFO  Calculator - Calculating factorial  of given number:0
2021-03-13 18:52:44.295 [main] INFO  Calculator - Calculating factorial  of given number:-23
2021-03-13 18:52:44.295 [main] INFO  Calculator - Resultant answer of power operations is : -1.0
2021-03-13 18:52:44.296 [main] INFO  Calculator - Calculating factorial  of given number:1
2021-03-13 18:52:44.296 [main] INFO  Calculator - Calculating factorial  of given number:11
2021-03-13 18:52:44.296 [main] INFO  Calculator - Resultant answer of power operations is : 3.99168E7
2021-03-13 18:52:44.298 [main] INFO  Calculator - Calculating square root  of given number:100.0
2021-03-13 18:52:44.298 [main] INFO  Calculator - Resultant answer of power operations is : 10.0
2021-03-13 18:52:44.299 [main] INFO  Calculator - Calculating square root  of given number:100.0
2021-03-13 18:52:44.299 [main] INFO  Calculator - Resultant answer of power operations is : 10.0
2021-03-13 18:52:44.300 [main] INFO  Calculator - Calculating square root  of given number:-4.0
2021-03-13 18:52:44.300 [main] INFO  Calculator - Resultant answer of power operations is : -1.0
